-------------------------------------------------------------------------------
Test set: com.vytrack.runners.CukesRunner
-------------------------------------------------------------------------------
Tests run: 1, Failures: 0, Errors: 1, Skipped: 0, Time elapsed: 0.021 s <<< FAILURE! - in com.vytrack.runners.CukesRunner
initializationError(com.vytrack.runners.CukesRunner)  Time elapsed: 0.021 s  <<< ERROR!
cucumber.runtime.CucumberException: Couldn't load plugin class: 2rerun
Caused by: java.lang.ClassNotFoundException: 2rerun

